<?xml version="1.0" encoding="UTF-8"?>
<!-- Generated by org.testng.reporters.JUnitXMLReporter -->
<testsuite ignored="0" hostname="vivobook-asuslaptop-x512flc-x512fl" failures="0" tests="7" name="Default test" time="209.769" errors="0" timestamp="2024-01-06T12:07:15 IST">
  <testcase classname="com.test.HD_Sanity.Testing" name="login" time="42.707"/>
  <testcase classname="com.test.HD_Sanity.Testing" name="series_set" time="18.95"/>
  <testcase classname="com.test.HD_Sanity.Testing" name="gridandzoom" time="56.628"/>
  <testcase classname="com.test.HD_Sanity.Testing" name="measure" time="8.546"/>
  <testcase classname="com.test.HD_Sanity.Testing" name="download" time="22.463"/>
  <testcase classname="com.test.HD_Sanity.Testing" name="RGB" time="42.639"/>
  <testcase classname="com.test.HD_Sanity.Testing" name="opacitywindow" time="16.979"/>
</testsuite> <!-- Default test -->
