<?xml version="1.0" encoding="UTF-8"?>
<!-- Generated by org.testng.reporters.JUnitXMLReporter -->
<testsuite ignored="0" hostname="vivobook-asuslaptop-x512flc-x512fl" failures="0" tests="7" name="Default test" time="195.874" errors="0" timestamp="2024-02-21T12:53:24 IST">
  <testcase classname="com.test.HD_Sanity.Testing" name="login" time="10.961"/>
  <testcase classname="com.test.HD_Sanity.Testing" name="series_set" time="20.533"/>
  <testcase classname="com.test.HD_Sanity.Testing" name="gridandzoom" time="67.058"/>
  <testcase classname="com.test.HD_Sanity.Testing" name="measure" time="8.933"/>
  <testcase classname="com.test.HD_Sanity.Testing" name="download" time="25.368"/>
  <testcase classname="com.test.HD_Sanity.Testing" name="RGB" time="44.873"/>
  <testcase classname="com.test.HD_Sanity.Testing" name="opacitywindow" time="17.203"/>
</testsuite> <!-- Default test -->
