<?xml version="1.0" encoding="UTF-8"?>
<testng-results ignored="0" total="7" passed="7" failed="0" skipped="0">
  <reporter-output>
  </reporter-output>
  <suite started-at="2024-02-21T12:50:02 IST" name="Default suite" finished-at="2024-02-21T12:53:18 IST" duration-ms="195874">
    <groups>
    </groups>
    <test started-at="2024-02-21T12:50:02 IST" name="Default test" finished-at="2024-02-21T12:53:18 IST" duration-ms="195874">
      <class name="com.test.HD_Sanity.Testing">
        <test-method is-config="true" signature="setup()[pri:0, instance:com.test.HD_Sanity.Testing@1a18644]" started-at="2024-02-21T12:50:02 IST" name="setup" finished-at="2024-02-21T12:50:03 IST" duration-ms="759" status="PASS">
          <reporter-output>
          </reporter-output>
        </test-method> <!-- setup -->
        <test-method signature="login()[pri:1, instance:com.test.HD_Sanity.Testing@1a18644]" started-at="2024-02-21T12:50:03 IST" name="login" finished-at="2024-02-21T12:50:14 IST" duration-ms="10961" status="PASS">
          <reporter-output>
          </reporter-output>
        </test-method> <!-- login -->
        <test-method signature="series_set()[pri:2, instance:com.test.HD_Sanity.Testing@1a18644]" started-at="2024-02-21T12:50:14 IST" name="series_set" finished-at="2024-02-21T12:50:35 IST" duration-ms="20533" status="PASS">
          <reporter-output>
          </reporter-output>
        </test-method> <!-- series_set -->
        <test-method signature="gridandzoom()[pri:3, instance:com.test.HD_Sanity.Testing@1a18644]" started-at="2024-02-21T12:50:35 IST" name="gridandzoom" finished-at="2024-02-21T12:51:42 IST" duration-ms="67058" status="PASS">
          <reporter-output>
          </reporter-output>
        </test-method> <!-- gridandzoom -->
        <test-method signature="measure()[pri:4, instance:com.test.HD_Sanity.Testing@1a18644]" started-at="2024-02-21T12:51:42 IST" name="measure" finished-at="2024-02-21T12:51:51 IST" duration-ms="8933" status="PASS">
          <reporter-output>
          </reporter-output>
        </test-method> <!-- measure -->
        <test-method signature="download()[pri:5, instance:com.test.HD_Sanity.Testing@1a18644]" started-at="2024-02-21T12:51:51 IST" name="download" finished-at="2024-02-21T12:52:16 IST" duration-ms="25368" status="PASS">
          <reporter-output>
          </reporter-output>
        </test-method> <!-- download -->
        <test-method signature="RGB()[pri:6, instance:com.test.HD_Sanity.Testing@1a18644]" started-at="2024-02-21T12:52:16 IST" name="RGB" finished-at="2024-02-21T12:53:01 IST" duration-ms="44873" status="PASS">
          <reporter-output>
          </reporter-output>
        </test-method> <!-- RGB -->
        <test-method signature="opacitywindow()[pri:7, instance:com.test.HD_Sanity.Testing@1a18644]" started-at="2024-02-21T12:53:01 IST" name="opacitywindow" finished-at="2024-02-21T12:53:18 IST" duration-ms="17203" status="PASS">
          <reporter-output>
          </reporter-output>
        </test-method> <!-- opacitywindow -->
        <test-method is-config="true" signature="tearDown()[pri:0, instance:com.test.HD_Sanity.Testing@1a18644]" started-at="2024-02-21T12:53:18 IST" name="tearDown" finished-at="2024-02-21T12:53:18 IST" duration-ms="151" status="PASS">
          <reporter-output>
          </reporter-output>
        </test-method> <!-- tearDown -->
      </class> <!-- com.test.HD_Sanity.Testing -->
    </test> <!-- Default test -->
  </suite> <!-- Default suite -->
</testng-results>
