<?xml version="1.0" encoding="UTF-8"?>
<testng-results ignored="0" total="7" passed="7" failed="0" skipped="0">
  <reporter-output>
  </reporter-output>
  <suite started-at="2024-01-06T12:03:45 IST" name="Default suite" finished-at="2024-01-06T12:07:15 IST" duration-ms="209769">
    <groups>
    </groups>
    <test started-at="2024-01-06T12:03:45 IST" name="Default test" finished-at="2024-01-06T12:07:15 IST" duration-ms="209769">
      <class name="com.test.HD_Sanity.Testing">
        <test-method is-config="true" signature="setup()[pri:0, instance:com.test.HD_Sanity.Testing@1a18644]" started-at="2024-01-06T12:03:45 IST" name="setup" finished-at="2024-01-06T12:03:46 IST" duration-ms="675" status="PASS">
          <reporter-output>
          </reporter-output>
        </test-method> <!-- setup -->
        <test-method signature="login()[pri:1, instance:com.test.HD_Sanity.Testing@1a18644]" started-at="2024-01-06T12:03:46 IST" name="login" finished-at="2024-01-06T12:04:29 IST" duration-ms="42707" status="PASS">
          <reporter-output>
          </reporter-output>
        </test-method> <!-- login -->
        <test-method signature="series_set()[pri:2, instance:com.test.HD_Sanity.Testing@1a18644]" started-at="2024-01-06T12:04:29 IST" name="series_set" finished-at="2024-01-06T12:04:48 IST" duration-ms="18950" status="PASS">
          <reporter-output>
          </reporter-output>
        </test-method> <!-- series_set -->
        <test-method signature="gridandzoom()[pri:3, instance:com.test.HD_Sanity.Testing@1a18644]" started-at="2024-01-06T12:04:48 IST" name="gridandzoom" finished-at="2024-01-06T12:05:44 IST" duration-ms="56628" status="PASS">
          <reporter-output>
          </reporter-output>
        </test-method> <!-- gridandzoom -->
        <test-method signature="measure()[pri:4, instance:com.test.HD_Sanity.Testing@1a18644]" started-at="2024-01-06T12:05:44 IST" name="measure" finished-at="2024-01-06T12:05:53 IST" duration-ms="8546" status="PASS">
          <reporter-output>
          </reporter-output>
        </test-method> <!-- measure -->
        <test-method signature="download()[pri:5, instance:com.test.HD_Sanity.Testing@1a18644]" started-at="2024-01-06T12:05:53 IST" name="download" finished-at="2024-01-06T12:06:15 IST" duration-ms="22463" status="PASS">
          <reporter-output>
          </reporter-output>
        </test-method> <!-- download -->
        <test-method signature="RGB()[pri:6, instance:com.test.HD_Sanity.Testing@1a18644]" started-at="2024-01-06T12:06:15 IST" name="RGB" finished-at="2024-01-06T12:06:58 IST" duration-ms="42639" status="PASS">
          <reporter-output>
          </reporter-output>
        </test-method> <!-- RGB -->
        <test-method signature="opacitywindow()[pri:7, instance:com.test.HD_Sanity.Testing@1a18644]" started-at="2024-01-06T12:06:58 IST" name="opacitywindow" finished-at="2024-01-06T12:07:15 IST" duration-ms="16979" status="PASS">
          <reporter-output>
          </reporter-output>
        </test-method> <!-- opacitywindow -->
        <test-method is-config="true" signature="tearDown()[pri:0, instance:com.test.HD_Sanity.Testing@1a18644]" started-at="2024-01-06T12:07:15 IST" name="tearDown" finished-at="2024-01-06T12:07:15 IST" duration-ms="153" status="PASS">
          <reporter-output>
          </reporter-output>
        </test-method> <!-- tearDown -->
      </class> <!-- com.test.HD_Sanity.Testing -->
    </test> <!-- Default test -->
  </suite> <!-- Default suite -->
</testng-results>
